0:0:0:0:0:0:0:1 - - [17/Jun/2017:07:52:50 +0000] "GET //localhost/demo HTTP/1.1" 200 0 "-" "Mozilla/5.0 (Windows NT 10.0; Win64; x64) AppleWebKit/537.36 (KHTML, like Gecko) Chrome/58.0.3029.110 Safari/537.36"
0:0:0:0:0:0:0:1 - - [17/Jun/2017:07:52:50 +0000] "GET //localhost/favicon.ico HTTP/1.1" 404 326 "http://localhost/demo" "Mozilla/5.0 (Windows NT 10.0; Win64; x64) AppleWebKit/537.36 (KHTML, like Gecko) Chrome/58.0.3029.110 Safari/537.36"
0:0:0:0:0:0:0:1 - - [17/Jun/2017:07:54:03 +0000] "GET //localhost/demo HTTP/1.1" 200 0 "-" "Mozilla/5.0 (Windows NT 10.0; Win64; x64) AppleWebKit/537.36 (KHTML, like Gecko) Chrome/58.0.3029.110 Safari/537.36"
0:0:0:0:0:0:0:1 - - [17/Jun/2017:07:54:30 +0000] "GET //localhost/demo HTTP/1.1" 200 0 "-" "Mozilla/5.0 (Windows NT 10.0; Win64; x64) AppleWebKit/537.36 (KHTML, like Gecko) Chrome/58.0.3029.110 Safari/537.36"
0:0:0:0:0:0:0:1 - - [17/Jun/2017:07:55:22 +0000] "GET //localhost/demo HTTP/1.1" 200 1311 "-" "Mozilla/5.0 (Windows NT 10.0; Win64; x64) AppleWebKit/537.36 (KHTML, like Gecko) Chrome/58.0.3029.110 Safari/537.36"
0:0:0:0:0:0:0:1 - - [17/Jun/2017:07:55:22 +0000] "GET //localhost/css/skeleton-alerts.css HTTP/1.1" 304 0 "http://localhost/demo" "Mozilla/5.0 (Windows NT 10.0; Win64; x64) AppleWebKit/537.36 (KHTML, like Gecko) Chrome/58.0.3029.110 Safari/537.36"
0:0:0:0:0:0:0:1 - - [17/Jun/2017:07:55:23 +0000] "GET //localhost/images/favicon.png HTTP/1.1" 404 333 "http://localhost/demo" "Mozilla/5.0 (Windows NT 10.0; Win64; x64) AppleWebKit/537.36 (KHTML, like Gecko) Chrome/58.0.3029.110 Safari/537.36"
125.66.152.161 - - [17/Jun/2017:07:56:46 +0000] "GET http://zc.qq.com/cgi-bin/iframe/numreg/init_9?id=0.537435683206392 HTTP/1.1" 404 343 "http://zc.qq.com/cgi-bin/iframe/numreg/init_9?id=0.537435683206392" "Mozilla/5.0 (Windows NT 6.1; WOW64) AppleWebKit/536.11 (KHTML, like Gecko) Chrome/20.0.1132.11 TaoBrowser/2.0 Safari/536.11"
0:0:0:0:0:0:0:1 - - [17/Jun/2017:08:01:33 +0000] "GET //localhost/demo HTTP/1.1" 200 1399 "-" "Mozilla/5.0 (Windows NT 10.0; Win64; x64) AppleWebKit/537.36 (KHTML, like Gecko) Chrome/58.0.3029.110 Safari/537.36"
0:0:0:0:0:0:0:1 - - [17/Jun/2017:08:01:33 +0000] "GET //localhost/images/feather.svg HTTP/1.1" 200 3968 "http://localhost/demo" "Mozilla/5.0 (Windows NT 10.0; Win64; x64) AppleWebKit/537.36 (KHTML, like Gecko) Chrome/58.0.3029.110 Safari/537.36"
0:0:0:0:0:0:0:1 - - [17/Jun/2017:08:01:33 +0000] "GET //localhost/images/pens.svg HTTP/1.1" 200 6538 "http://localhost/demo" "Mozilla/5.0 (Windows NT 10.0; Win64; x64) AppleWebKit/537.36 (KHTML, like Gecko) Chrome/58.0.3029.110 Safari/537.36"
0:0:0:0:0:0:0:1 - - [17/Jun/2017:08:01:33 +0000] "GET //localhost/images/watch.svg HTTP/1.1" 200 4007 "http://localhost/demo" "Mozilla/5.0 (Windows NT 10.0; Win64; x64) AppleWebKit/537.36 (KHTML, like Gecko) Chrome/58.0.3029.110 Safari/537.36"
0:0:0:0:0:0:0:1 - - [17/Jun/2017:08:01:49 +0000] "GET //localhost/demo HTTP/1.1" 200 1399 "-" "Mozilla/5.0 (Windows NT 10.0; Win64; x64) AppleWebKit/537.36 (KHTML, like Gecko) Chrome/58.0.3029.110 Safari/537.36"
0:0:0:0:0:0:0:1 - - [17/Jun/2017:08:03:19 +0000] "GET //localhost/demo HTTP/1.1" 200 1527 "-" "Mozilla/5.0 (Windows NT 10.0; Win64; x64) AppleWebKit/537.36 (KHTML, like Gecko) Chrome/58.0.3029.110 Safari/537.36"
0:0:0:0:0:0:0:1 - - [17/Jun/2017:08:03:19 +0000] "GET //localhost/images/feather.svg HTTP/1.1" 304 0 "http://localhost/demo" "Mozilla/5.0 (Windows NT 10.0; Win64; x64) AppleWebKit/537.36 (KHTML, like Gecko) Chrome/58.0.3029.110 Safari/537.36"
0:0:0:0:0:0:0:1 - - [17/Jun/2017:08:03:19 +0000] "GET //localhost/images/pens.svg HTTP/1.1" 304 0 "http://localhost/demo" "Mozilla/5.0 (Windows NT 10.0; Win64; x64) AppleWebKit/537.36 (KHTML, like Gecko) Chrome/58.0.3029.110 Safari/537.36"
0:0:0:0:0:0:0:1 - - [17/Jun/2017:08:03:19 +0000] "GET //localhost/images/watch.svg HTTP/1.1" 304 0 "http://localhost/demo" "Mozilla/5.0 (Windows NT 10.0; Win64; x64) AppleWebKit/537.36 (KHTML, like Gecko) Chrome/58.0.3029.110 Safari/537.36"
0:0:0:0:0:0:0:1 - - [17/Jun/2017:08:06:03 +0000] "GET //localhost/demo HTTP/1.1" 200 1587 "-" "Mozilla/5.0 (Windows NT 10.0; Win64; x64) AppleWebKit/537.36 (KHTML, like Gecko) Chrome/58.0.3029.110 Safari/537.36"
0:0:0:0:0:0:0:1 - - [17/Jun/2017:08:06:03 +0000] "GET //localhost/images/feather.svg HTTP/1.1" 304 0 "http://localhost/demo" "Mozilla/5.0 (Windows NT 10.0; Win64; x64) AppleWebKit/537.36 (KHTML, like Gecko) Chrome/58.0.3029.110 Safari/537.36"
0:0:0:0:0:0:0:1 - - [17/Jun/2017:08:06:03 +0000] "GET //localhost/images/pens.svg HTTP/1.1" 304 0 "http://localhost/demo" "Mozilla/5.0 (Windows NT 10.0; Win64; x64) AppleWebKit/537.36 (KHTML, like Gecko) Chrome/58.0.3029.110 Safari/537.36"
0:0:0:0:0:0:0:1 - - [17/Jun/2017:08:06:03 +0000] "GET //localhost/images/watch.svg HTTP/1.1" 304 0 "http://localhost/demo" "Mozilla/5.0 (Windows NT 10.0; Win64; x64) AppleWebKit/537.36 (KHTML, like Gecko) Chrome/58.0.3029.110 Safari/537.36"
0:0:0:0:0:0:0:1 - - [17/Jun/2017:08:08:01 +0000] "GET //localhost/demo HTTP/1.1" 200 1603 "-" "Mozilla/5.0 (Windows NT 10.0; Win64; x64) AppleWebKit/537.36 (KHTML, like Gecko) Chrome/58.0.3029.110 Safari/537.36"
0:0:0:0:0:0:0:1 - - [17/Jun/2017:08:08:01 +0000] "GET //localhost/images/feather.svg HTTP/1.1" 304 0 "http://localhost/demo" "Mozilla/5.0 (Windows NT 10.0; Win64; x64) AppleWebKit/537.36 (KHTML, like Gecko) Chrome/58.0.3029.110 Safari/537.36"
0:0:0:0:0:0:0:1 - - [17/Jun/2017:08:08:01 +0000] "GET //localhost/images/pens.svg HTTP/1.1" 304 0 "http://localhost/demo" "Mozilla/5.0 (Windows NT 10.0; Win64; x64) AppleWebKit/537.36 (KHTML, like Gecko) Chrome/58.0.3029.110 Safari/537.36"
0:0:0:0:0:0:0:1 - - [17/Jun/2017:08:08:01 +0000] "GET //localhost/images/watch.svg HTTP/1.1" 304 0 "http://localhost/demo" "Mozilla/5.0 (Windows NT 10.0; Win64; x64) AppleWebKit/537.36 (KHTML, like Gecko) Chrome/58.0.3029.110 Safari/537.36"
0:0:0:0:0:0:0:1 - - [17/Jun/2017:08:08:50 +0000] "GET //localhost/demo HTTP/1.1" 200 1633 "-" "Mozilla/5.0 (Windows NT 10.0; Win64; x64) AppleWebKit/537.36 (KHTML, like Gecko) Chrome/58.0.3029.110 Safari/537.36"
0:0:0:0:0:0:0:1 - - [17/Jun/2017:08:08:50 +0000] "GET //localhost/css/custom.css HTTP/1.1" 200 207 "http://localhost/demo" "Mozilla/5.0 (Windows NT 10.0; Win64; x64) AppleWebKit/537.36 (KHTML, like Gecko) Chrome/58.0.3029.110 Safari/537.36"
0:0:0:0:0:0:0:1 - - [17/Jun/2017:08:13:08 +0000] "GET //localhost/demo HTTP/1.1" 200 1633 "-" "Mozilla/5.0 (Windows NT 10.0; Win64; x64) AppleWebKit/537.36 (KHTML, like Gecko) Chrome/58.0.3029.110 Safari/537.36"
0:0:0:0:0:0:0:1 - - [17/Jun/2017:08:13:08 +0000] "GET //localhost/images/feather.svg HTTP/1.1" 304 0 "http://localhost/demo" "Mozilla/5.0 (Windows NT 10.0; Win64; x64) AppleWebKit/537.36 (KHTML, like Gecko) Chrome/58.0.3029.110 Safari/537.36"
0:0:0:0:0:0:0:1 - - [17/Jun/2017:08:13:08 +0000] "GET //localhost/images/pens.svg HTTP/1.1" 304 0 "http://localhost/demo" "Mozilla/5.0 (Windows NT 10.0; Win64; x64) AppleWebKit/537.36 (KHTML, like Gecko) Chrome/58.0.3029.110 Safari/537.36"
0:0:0:0:0:0:0:1 - - [17/Jun/2017:08:13:08 +0000] "GET //localhost/images/watch.svg HTTP/1.1" 304 0 "http://localhost/demo" "Mozilla/5.0 (Windows NT 10.0; Win64; x64) AppleWebKit/537.36 (KHTML, like Gecko) Chrome/58.0.3029.110 Safari/537.36"
0:0:0:0:0:0:0:1 - - [17/Jun/2017:08:13:09 +0000] "GET //localhost/demo HTTP/1.1" 200 1633 "-" "Mozilla/5.0 (Windows NT 10.0; Win64; x64) AppleWebKit/537.36 (KHTML, like Gecko) Chrome/58.0.3029.110 Safari/537.36"
0:0:0:0:0:0:0:1 - - [17/Jun/2017:08:13:10 +0000] "GET //localhost/demo HTTP/1.1" 200 1633 "-" "Mozilla/5.0 (Windows NT 10.0; Win64; x64) AppleWebKit/537.36 (KHTML, like Gecko) Chrome/58.0.3029.110 Safari/537.36"
0:0:0:0:0:0:0:1 - - [17/Jun/2017:08:13:10 +0000] "GET //localhost/demo HTTP/1.1" 200 1633 "-" "Mozilla/5.0 (Windows NT 10.0; Win64; x64) AppleWebKit/537.36 (KHTML, like Gecko) Chrome/58.0.3029.110 Safari/537.36"
0:0:0:0:0:0:0:1 - - [17/Jun/2017:08:13:10 +0000] "GET //localhost/demo HTTP/1.1" 200 1633 "-" "Mozilla/5.0 (Windows NT 10.0; Win64; x64) AppleWebKit/537.36 (KHTML, like Gecko) Chrome/58.0.3029.110 Safari/537.36"
0:0:0:0:0:0:0:1 - - [17/Jun/2017:08:13:11 +0000] "GET //localhost/demo HTTP/1.1" 200 1633 "-" "Mozilla/5.0 (Windows NT 10.0; Win64; x64) AppleWebKit/537.36 (KHTML, like Gecko) Chrome/58.0.3029.110 Safari/537.36"
0:0:0:0:0:0:0:1 - - [17/Jun/2017:08:13:11 +0000] "GET //localhost/demo HTTP/1.1" 200 1633 "-" "Mozilla/5.0 (Windows NT 10.0; Win64; x64) AppleWebKit/537.36 (KHTML, like Gecko) Chrome/58.0.3029.110 Safari/537.36"
0:0:0:0:0:0:0:1 - - [17/Jun/2017:08:13:11 +0000] "GET //localhost/demo HTTP/1.1" 200 1633 "-" "Mozilla/5.0 (Windows NT 10.0; Win64; x64) AppleWebKit/537.36 (KHTML, like Gecko) Chrome/58.0.3029.110 Safari/537.36"
0:0:0:0:0:0:0:1 - - [17/Jun/2017:08:13:11 +0000] "GET //localhost/demo HTTP/1.1" 200 1633 "-" "Mozilla/5.0 (Windows NT 10.0; Win64; x64) AppleWebKit/537.36 (KHTML, like Gecko) Chrome/58.0.3029.110 Safari/537.36"
0:0:0:0:0:0:0:1 - - [17/Jun/2017:08:13:32 +0000] "GET //localhost/demo HTTP/1.1" 200 1633 "-" "Mozilla/5.0 (Windows NT 10.0; Win64; x64) AppleWebKit/537.36 (KHTML, like Gecko) Chrome/58.0.3029.110 Safari/537.36"
0:0:0:0:0:0:0:1 - - [17/Jun/2017:08:13:33 +0000] "GET //localhost/demo HTTP/1.1" 200 1633 "-" "Mozilla/5.0 (Windows NT 10.0; Win64; x64) AppleWebKit/537.36 (KHTML, like Gecko) Chrome/58.0.3029.110 Safari/537.36"
125.66.152.161 - - [17/Jun/2017:08:21:50 +0000] "GET http://zc.qq.com/cgi-bin/iframe/numreg/init_9?id=0.983880268868003 HTTP/1.1" 404 343 "http://zc.qq.com/cgi-bin/iframe/numreg/init_9?id=0.983880268868003" "Mozilla/5.0 (Windows NT 6.1; WOW64) AppleWebKit/536.11 (KHTML, like Gecko) Chrome/20.0.1132.11 TaoBrowser/2.0 Safari/536.11"
0:0:0:0:0:0:0:1 - - [17/Jun/2017:08:26:20 +0000] "GET //localhost/demo HTTP/1.1" 200 1600 "-" "Mozilla/5.0 (Windows NT 10.0; Win64; x64) AppleWebKit/537.36 (KHTML, like Gecko) Chrome/58.0.3029.110 Safari/537.36"
0:0:0:0:0:0:0:1 - - [17/Jun/2017:08:26:20 +0000] "GET //localhost/images/feather.svg HTTP/1.1" 304 0 "http://localhost/demo" "Mozilla/5.0 (Windows NT 10.0; Win64; x64) AppleWebKit/537.36 (KHTML, like Gecko) Chrome/58.0.3029.110 Safari/537.36"
0:0:0:0:0:0:0:1 - - [17/Jun/2017:08:26:20 +0000] "GET //localhost/images/pens.svg HTTP/1.1" 304 0 "http://localhost/demo" "Mozilla/5.0 (Windows NT 10.0; Win64; x64) AppleWebKit/537.36 (KHTML, like Gecko) Chrome/58.0.3029.110 Safari/537.36"
0:0:0:0:0:0:0:1 - - [17/Jun/2017:08:26:20 +0000] "GET //localhost/images/watch.svg HTTP/1.1" 304 0 "http://localhost/demo" "Mozilla/5.0 (Windows NT 10.0; Win64; x64) AppleWebKit/537.36 (KHTML, like Gecko) Chrome/58.0.3029.110 Safari/537.36"
0:0:0:0:0:0:0:1 - - [17/Jun/2017:08:26:38 +0000] "GET //localhost/demo HTTP/1.1" 200 1615 "-" "Mozilla/5.0 (Windows NT 10.0; Win64; x64) AppleWebKit/537.36 (KHTML, like Gecko) Chrome/58.0.3029.110 Safari/537.36"
0:0:0:0:0:0:0:1 - - [17/Jun/2017:09:31:06 +0000] "GET //localhost/demo HTTP/1.1" 200 1615 "-" "Mozilla/5.0 (Windows NT 10.0; Win64; x64) AppleWebKit/537.36 (KHTML, like Gecko) Chrome/58.0.3029.110 Safari/537.36"
0:0:0:0:0:0:0:1 - - [17/Jun/2017:09:31:06 +0000] "GET //localhost/images/feather.svg HTTP/1.1" 304 0 "http://localhost/demo" "Mozilla/5.0 (Windows NT 10.0; Win64; x64) AppleWebKit/537.36 (KHTML, like Gecko) Chrome/58.0.3029.110 Safari/537.36"
0:0:0:0:0:0:0:1 - - [17/Jun/2017:09:31:06 +0000] "GET //localhost/images/pens.svg HTTP/1.1" 304 0 "http://localhost/demo" "Mozilla/5.0 (Windows NT 10.0; Win64; x64) AppleWebKit/537.36 (KHTML, like Gecko) Chrome/58.0.3029.110 Safari/537.36"
0:0:0:0:0:0:0:1 - - [17/Jun/2017:09:31:06 +0000] "GET //localhost/images/watch.svg HTTP/1.1" 304 0 "http://localhost/demo" "Mozilla/5.0 (Windows NT 10.0; Win64; x64) AppleWebKit/537.36 (KHTML, like Gecko) Chrome/58.0.3029.110 Safari/537.36"
125.66.152.161 - - [17/Jun/2017:09:50:37 +0000] "GET http://zc.qq.com/cgi-bin/iframe/numreg/init_9?id=0.928922282033098 HTTP/1.1" 404 343 "http://zc.qq.com/cgi-bin/iframe/numreg/init_9?id=0.928922282033098" "Mozilla/5.0 (Windows NT 6.1; WOW64) AppleWebKit/536.11 (KHTML, like Gecko) Chrome/20.0.1132.11 TaoBrowser/2.0 Safari/536.11"
