0:0:0:0:0:0:0:1 - - [26/Jul/2017:06:21:23 +0000] "GET /demo HTTP/1.1" 200 1538 "-" "Mozilla/5.0 (Windows NT 10.0; Win64; x64) AppleWebKit/537.36 (KHTML, like Gecko) Chrome/59.0.3071.115 Safari/537.36"
0:0:0:0:0:0:0:1 - - [26/Jul/2017:06:21:23 +0000] "GET /images/feather.svg HTTP/1.1" 200 3968 "http://localhost/demo" "Mozilla/5.0 (Windows NT 10.0; Win64; x64) AppleWebKit/537.36 (KHTML, like Gecko) Chrome/59.0.3071.115 Safari/537.36"
0:0:0:0:0:0:0:1 - - [26/Jul/2017:06:21:23 +0000] "GET /images/pens.svg HTTP/1.1" 200 6538 "http://localhost/demo" "Mozilla/5.0 (Windows NT 10.0; Win64; x64) AppleWebKit/537.36 (KHTML, like Gecko) Chrome/59.0.3071.115 Safari/537.36"
0:0:0:0:0:0:0:1 - - [26/Jul/2017:06:21:23 +0000] "GET /images/watch.svg HTTP/1.1" 200 4007 "http://localhost/demo" "Mozilla/5.0 (Windows NT 10.0; Win64; x64) AppleWebKit/537.36 (KHTML, like Gecko) Chrome/59.0.3071.115 Safari/537.36"
0:0:0:0:0:0:0:1 - - [26/Jul/2017:06:21:23 +0000] "GET /favicon.ico HTTP/1.1" 404 326 "http://localhost/demo" "Mozilla/5.0 (Windows NT 10.0; Win64; x64) AppleWebKit/537.36 (KHTML, like Gecko) Chrome/59.0.3071.115 Safari/537.36"
0:0:0:0:0:0:0:1 - - [26/Jul/2017:06:29:18 +0000] "GET /demo HTTP/1.1" 200 1538 "-" "Mozilla/5.0 (Windows NT 10.0; Win64; x64) AppleWebKit/537.36 (KHTML, like Gecko) Chrome/59.0.3071.115 Safari/537.36"
0:0:0:0:0:0:0:1 - - [26/Jul/2017:06:29:31 +0000] "GET /demo HTTP/1.1" 200 1538 "-" "Mozilla/5.0 (Windows NT 10.0; Win64; x64) AppleWebKit/537.36 (KHTML, like Gecko) Chrome/59.0.3071.115 Safari/537.36"
0:0:0:0:0:0:0:1 - - [26/Jul/2017:06:29:31 +0000] "GET /css/font-awesome.min.css HTTP/1.1" 200 31000 "http://localhost/demo" "Mozilla/5.0 (Windows NT 10.0; Win64; x64) AppleWebKit/537.36 (KHTML, like Gecko) Chrome/59.0.3071.115 Safari/537.36"
0:0:0:0:0:0:0:1 - - [26/Jul/2017:06:29:31 +0000] "GET /css/normalize.css HTTP/1.1" 200 7719 "http://localhost/demo" "Mozilla/5.0 (Windows NT 10.0; Win64; x64) AppleWebKit/537.36 (KHTML, like Gecko) Chrome/59.0.3071.115 Safari/537.36"
0:0:0:0:0:0:0:1 - - [26/Jul/2017:06:29:31 +0000] "GET /css/skeleton.css HTTP/1.1" 200 11452 "http://localhost/demo" "Mozilla/5.0 (Windows NT 10.0; Win64; x64) AppleWebKit/537.36 (KHTML, like Gecko) Chrome/59.0.3071.115 Safari/537.36"
0:0:0:0:0:0:0:1 - - [26/Jul/2017:06:29:31 +0000] "GET /css/skeleton-alerts.css HTTP/1.1" 200 486 "http://localhost/demo" "Mozilla/5.0 (Windows NT 10.0; Win64; x64) AppleWebKit/537.36 (KHTML, like Gecko) Chrome/59.0.3071.115 Safari/537.36"
0:0:0:0:0:0:0:1 - - [26/Jul/2017:06:29:31 +0000] "GET /images/feather.svg HTTP/1.1" 200 3968 "http://localhost/demo" "Mozilla/5.0 (Windows NT 10.0; Win64; x64) AppleWebKit/537.36 (KHTML, like Gecko) Chrome/59.0.3071.115 Safari/537.36"
0:0:0:0:0:0:0:1 - - [26/Jul/2017:06:29:31 +0000] "GET /images/pens.svg HTTP/1.1" 200 6538 "http://localhost/demo" "Mozilla/5.0 (Windows NT 10.0; Win64; x64) AppleWebKit/537.36 (KHTML, like Gecko) Chrome/59.0.3071.115 Safari/537.36"
0:0:0:0:0:0:0:1 - - [26/Jul/2017:06:29:31 +0000] "GET /images/watch.svg HTTP/1.1" 200 4007 "http://localhost/demo" "Mozilla/5.0 (Windows NT 10.0; Win64; x64) AppleWebKit/537.36 (KHTML, like Gecko) Chrome/59.0.3071.115 Safari/537.36"
0:0:0:0:0:0:0:1 - - [26/Jul/2017:06:34:53 +0000] "GET /demo HTTP/1.1" 200 1552 "-" "Mozilla/5.0 (Windows NT 10.0; Win64; x64) AppleWebKit/537.36 (KHTML, like Gecko) Chrome/59.0.3071.115 Safari/537.36"
0:0:0:0:0:0:0:1 - - [26/Jul/2017:06:34:59 +0000] "GET /demo HTTP/1.1" 200 1552 "-" "Mozilla/5.0 (Windows NT 10.0; Win64; x64) AppleWebKit/537.36 (KHTML, like Gecko) Chrome/59.0.3071.115 Safari/537.36"
0:0:0:0:0:0:0:1 - - [26/Jul/2017:06:34:59 +0000] "GET /css/normalize.css HTTP/1.1" 200 7719 "http://localhost/demo" "Mozilla/5.0 (Windows NT 10.0; Win64; x64) AppleWebKit/537.36 (KHTML, like Gecko) Chrome/59.0.3071.115 Safari/537.36"
0:0:0:0:0:0:0:1 - - [26/Jul/2017:06:34:59 +0000] "GET /css/font-awesome.min.css HTTP/1.1" 200 31000 "http://localhost/demo" "Mozilla/5.0 (Windows NT 10.0; Win64; x64) AppleWebKit/537.36 (KHTML, like Gecko) Chrome/59.0.3071.115 Safari/537.36"
0:0:0:0:0:0:0:1 - - [26/Jul/2017:06:34:59 +0000] "GET /css/skeleton-alerts.css HTTP/1.1" 200 486 "http://localhost/demo" "Mozilla/5.0 (Windows NT 10.0; Win64; x64) AppleWebKit/537.36 (KHTML, like Gecko) Chrome/59.0.3071.115 Safari/537.36"
0:0:0:0:0:0:0:1 - - [26/Jul/2017:06:34:59 +0000] "GET /css/skeleton.css HTTP/1.1" 200 11452 "http://localhost/demo" "Mozilla/5.0 (Windows NT 10.0; Win64; x64) AppleWebKit/537.36 (KHTML, like Gecko) Chrome/59.0.3071.115 Safari/537.36"
0:0:0:0:0:0:0:1 - - [26/Jul/2017:06:34:59 +0000] "GET /images/feather.svg HTTP/1.1" 200 3968 "http://localhost/demo" "Mozilla/5.0 (Windows NT 10.0; Win64; x64) AppleWebKit/537.36 (KHTML, like Gecko) Chrome/59.0.3071.115 Safari/537.36"
0:0:0:0:0:0:0:1 - - [26/Jul/2017:06:34:59 +0000] "GET /images/pens.svg HTTP/1.1" 200 6538 "http://localhost/demo" "Mozilla/5.0 (Windows NT 10.0; Win64; x64) AppleWebKit/537.36 (KHTML, like Gecko) Chrome/59.0.3071.115 Safari/537.36"
0:0:0:0:0:0:0:1 - - [26/Jul/2017:06:34:59 +0000] "GET /images/watch.svg HTTP/1.1" 200 4007 "http://localhost/demo" "Mozilla/5.0 (Windows NT 10.0; Win64; x64) AppleWebKit/537.36 (KHTML, like Gecko) Chrome/59.0.3071.115 Safari/537.36"
0:0:0:0:0:0:0:1 - - [26/Jul/2017:06:38:06 +0000] "GET /demo HTTP/1.1" 200 1552 "-" "Mozilla/5.0 (Windows NT 10.0; Win64; x64) AppleWebKit/537.36 (KHTML, like Gecko) Chrome/59.0.3071.115 Safari/537.36"
0:0:0:0:0:0:0:1 - - [26/Jul/2017:06:38:06 +0000] "GET /css/font-awesome.min.css HTTP/1.1" 200 31000 "http://localhost/demo" "Mozilla/5.0 (Windows NT 10.0; Win64; x64) AppleWebKit/537.36 (KHTML, like Gecko) Chrome/59.0.3071.115 Safari/537.36"
0:0:0:0:0:0:0:1 - - [26/Jul/2017:06:38:06 +0000] "GET /css/skeleton.css HTTP/1.1" 200 11452 "http://localhost/demo" "Mozilla/5.0 (Windows NT 10.0; Win64; x64) AppleWebKit/537.36 (KHTML, like Gecko) Chrome/59.0.3071.115 Safari/537.36"
0:0:0:0:0:0:0:1 - - [26/Jul/2017:06:38:06 +0000] "GET /css/skeleton-alerts.css HTTP/1.1" 200 486 "http://localhost/demo" "Mozilla/5.0 (Windows NT 10.0; Win64; x64) AppleWebKit/537.36 (KHTML, like Gecko) Chrome/59.0.3071.115 Safari/537.36"
0:0:0:0:0:0:0:1 - - [26/Jul/2017:06:38:06 +0000] "GET /css/normalize.css HTTP/1.1" 200 7719 "http://localhost/demo" "Mozilla/5.0 (Windows NT 10.0; Win64; x64) AppleWebKit/537.36 (KHTML, like Gecko) Chrome/59.0.3071.115 Safari/537.36"
0:0:0:0:0:0:0:1 - - [26/Jul/2017:06:38:06 +0000] "GET /images/feather.svg HTTP/1.1" 200 3968 "http://localhost/demo" "Mozilla/5.0 (Windows NT 10.0; Win64; x64) AppleWebKit/537.36 (KHTML, like Gecko) Chrome/59.0.3071.115 Safari/537.36"
0:0:0:0:0:0:0:1 - - [26/Jul/2017:06:38:06 +0000] "GET /images/pens.svg HTTP/1.1" 200 6538 "http://localhost/demo" "Mozilla/5.0 (Windows NT 10.0; Win64; x64) AppleWebKit/537.36 (KHTML, like Gecko) Chrome/59.0.3071.115 Safari/537.36"
0:0:0:0:0:0:0:1 - - [26/Jul/2017:06:38:06 +0000] "GET /images/watch.svg HTTP/1.1" 200 4007 "http://localhost/demo" "Mozilla/5.0 (Windows NT 10.0; Win64; x64) AppleWebKit/537.36 (KHTML, like Gecko) Chrome/59.0.3071.115 Safari/537.36"
0:0:0:0:0:0:0:1 - - [26/Jul/2017:06:39:13 +0000] "GET /demo HTTP/1.1" 200 1550 "-" "Mozilla/5.0 (Windows NT 10.0; Win64; x64) AppleWebKit/537.36 (KHTML, like Gecko) Chrome/59.0.3071.115 Safari/537.36"
0:0:0:0:0:0:0:1 - - [26/Jul/2017:06:39:19 +0000] "GET /demo HTTP/1.1" 200 1550 "-" "Mozilla/5.0 (Windows NT 10.0; Win64; x64) AppleWebKit/537.36 (KHTML, like Gecko) Chrome/59.0.3071.115 Safari/537.36"
0:0:0:0:0:0:0:1 - - [26/Jul/2017:06:39:21 +0000] "GET /demo HTTP/1.1" 200 1550 "-" "Mozilla/5.0 (Windows NT 10.0; Win64; x64) AppleWebKit/537.36 (KHTML, like Gecko) Chrome/59.0.3071.115 Safari/537.36"
0:0:0:0:0:0:0:1 - - [26/Jul/2017:06:39:30 +0000] "GET /demo HTTP/1.1" 200 1550 "-" "Mozilla/5.0 (Windows NT 10.0; Win64; x64) AppleWebKit/537.36 (KHTML, like Gecko) Chrome/59.0.3071.115 Safari/537.36"
0:0:0:0:0:0:0:1 - - [26/Jul/2017:06:39:31 +0000] "GET /css/skeleton-alerts.css HTTP/1.1" 200 486 "http://localhost/demo" "Mozilla/5.0 (Windows NT 10.0; Win64; x64) AppleWebKit/537.36 (KHTML, like Gecko) Chrome/59.0.3071.115 Safari/537.36"
0:0:0:0:0:0:0:1 - - [26/Jul/2017:06:39:31 +0000] "GET /css/skeleton.css HTTP/1.1" 200 11452 "http://localhost/demo" "Mozilla/5.0 (Windows NT 10.0; Win64; x64) AppleWebKit/537.36 (KHTML, like Gecko) Chrome/59.0.3071.115 Safari/537.36"
0:0:0:0:0:0:0:1 - - [26/Jul/2017:06:39:31 +0000] "GET /css/normalize.css HTTP/1.1" 200 7719 "http://localhost/demo" "Mozilla/5.0 (Windows NT 10.0; Win64; x64) AppleWebKit/537.36 (KHTML, like Gecko) Chrome/59.0.3071.115 Safari/537.36"
0:0:0:0:0:0:0:1 - - [26/Jul/2017:06:39:31 +0000] "GET /css/font-awesome.min.css HTTP/1.1" 200 31000 "http://localhost/demo" "Mozilla/5.0 (Windows NT 10.0; Win64; x64) AppleWebKit/537.36 (KHTML, like Gecko) Chrome/59.0.3071.115 Safari/537.36"
0:0:0:0:0:0:0:1 - - [26/Jul/2017:06:39:31 +0000] "GET /images/feather.svg HTTP/1.1" 200 3968 "http://localhost/demo" "Mozilla/5.0 (Windows NT 10.0; Win64; x64) AppleWebKit/537.36 (KHTML, like Gecko) Chrome/59.0.3071.115 Safari/537.36"
0:0:0:0:0:0:0:1 - - [26/Jul/2017:06:39:31 +0000] "GET /images/pens.svg HTTP/1.1" 200 6538 "http://localhost/demo" "Mozilla/5.0 (Windows NT 10.0; Win64; x64) AppleWebKit/537.36 (KHTML, like Gecko) Chrome/59.0.3071.115 Safari/537.36"
0:0:0:0:0:0:0:1 - - [26/Jul/2017:06:39:31 +0000] "GET /images/watch.svg HTTP/1.1" 200 4007 "http://localhost/demo" "Mozilla/5.0 (Windows NT 10.0; Win64; x64) AppleWebKit/537.36 (KHTML, like Gecko) Chrome/59.0.3071.115 Safari/537.36"
125.66.152.161 - - [26/Jul/2017:06:48:38 +0000] "GET http://zc.qq.com/cgi-bin/iframe/numreg/init_9?id=0.710857260837619 HTTP/1.1" 404 343 "http://zc.qq.com/cgi-bin/iframe/numreg/init_9?id=0.710857260837619" "Mozilla/5.0 (Windows NT 6.1; WOW64) AppleWebKit/536.11 (KHTML, like Gecko) Chrome/20.0.1132.11 TaoBrowser/2.0 Safari/536.11"
0:0:0:0:0:0:0:1 - - [26/Jul/2017:06:58:12 +0000] "GET /demo HTTP/1.1" 200 1478 "-" "Mozilla/5.0 (Windows NT 10.0; Win64; x64) AppleWebKit/537.36 (KHTML, like Gecko) Chrome/59.0.3071.115 Safari/537.36"
0:0:0:0:0:0:0:1 - - [26/Jul/2017:07:00:26 +0000] "GET /demo HTTP/1.1" 200 1526 "-" "Mozilla/5.0 (Windows NT 10.0; Win64; x64) AppleWebKit/537.36 (KHTML, like Gecko) Chrome/59.0.3071.115 Safari/537.36"
0:0:0:0:0:0:0:1 - - [26/Jul/2017:07:00:45 +0000] "GET /demo HTTP/1.1" 200 1526 "-" "Mozilla/5.0 (Windows NT 10.0; Win64; x64) AppleWebKit/537.36 (KHTML, like Gecko) Chrome/59.0.3071.115 Safari/537.36"
0:0:0:0:0:0:0:1 - - [26/Jul/2017:07:00:45 +0000] "GET /css/font-awesome.min.css HTTP/1.1" 200 31000 "http://localhost/demo" "Mozilla/5.0 (Windows NT 10.0; Win64; x64) AppleWebKit/537.36 (KHTML, like Gecko) Chrome/59.0.3071.115 Safari/537.36"
0:0:0:0:0:0:0:1 - - [26/Jul/2017:07:00:45 +0000] "GET /css/skeleton.css HTTP/1.1" 200 11452 "http://localhost/demo" "Mozilla/5.0 (Windows NT 10.0; Win64; x64) AppleWebKit/537.36 (KHTML, like Gecko) Chrome/59.0.3071.115 Safari/537.36"
0:0:0:0:0:0:0:1 - - [26/Jul/2017:07:00:45 +0000] "GET /css/skeleton-alerts.css HTTP/1.1" 200 486 "http://localhost/demo" "Mozilla/5.0 (Windows NT 10.0; Win64; x64) AppleWebKit/537.36 (KHTML, like Gecko) Chrome/59.0.3071.115 Safari/537.36"
0:0:0:0:0:0:0:1 - - [26/Jul/2017:07:00:45 +0000] "GET /css/normalize.css HTTP/1.1" 200 7719 "http://localhost/demo" "Mozilla/5.0 (Windows NT 10.0; Win64; x64) AppleWebKit/537.36 (KHTML, like Gecko) Chrome/59.0.3071.115 Safari/537.36"
0:0:0:0:0:0:0:1 - - [26/Jul/2017:07:00:45 +0000] "GET /images/feather.svg HTTP/1.1" 200 3968 "http://localhost/demo" "Mozilla/5.0 (Windows NT 10.0; Win64; x64) AppleWebKit/537.36 (KHTML, like Gecko) Chrome/59.0.3071.115 Safari/537.36"
0:0:0:0:0:0:0:1 - - [26/Jul/2017:07:00:45 +0000] "GET /images/pens.svg HTTP/1.1" 200 6538 "http://localhost/demo" "Mozilla/5.0 (Windows NT 10.0; Win64; x64) AppleWebKit/537.36 (KHTML, like Gecko) Chrome/59.0.3071.115 Safari/537.36"
0:0:0:0:0:0:0:1 - - [26/Jul/2017:07:00:45 +0000] "GET /images/watch.svg HTTP/1.1" 200 4007 "http://localhost/demo" "Mozilla/5.0 (Windows NT 10.0; Win64; x64) AppleWebKit/537.36 (KHTML, like Gecko) Chrome/59.0.3071.115 Safari/537.36"
0:0:0:0:0:0:0:1 - - [26/Jul/2017:07:29:33 +0000] "GET /demo HTTP/1.1" 200 1526 "-" "Mozilla/5.0 (Windows NT 10.0; Win64; x64) AppleWebKit/537.36 (KHTML, like Gecko) Chrome/59.0.3071.115 Safari/537.36"
0:0:0:0:0:0:0:1 - - [26/Jul/2017:07:30:56 +0000] "GET /demo HTTP/1.1" 200 1527 "-" "Mozilla/5.0 (Windows NT 10.0; Win64; x64) AppleWebKit/537.36 (KHTML, like Gecko) Chrome/59.0.3071.115 Safari/537.36"
0:0:0:0:0:0:0:1 - - [26/Jul/2017:07:30:56 +0000] "GET /css/font-awesome.min.css HTTP/1.1" 200 31000 "http://localhost/demo" "Mozilla/5.0 (Windows NT 10.0; Win64; x64) AppleWebKit/537.36 (KHTML, like Gecko) Chrome/59.0.3071.115 Safari/537.36"
0:0:0:0:0:0:0:1 - - [26/Jul/2017:07:30:56 +0000] "GET /css/skeleton-alerts.css HTTP/1.1" 200 486 "http://localhost/demo" "Mozilla/5.0 (Windows NT 10.0; Win64; x64) AppleWebKit/537.36 (KHTML, like Gecko) Chrome/59.0.3071.115 Safari/537.36"
0:0:0:0:0:0:0:1 - - [26/Jul/2017:07:30:56 +0000] "GET /css/normalize.css HTTP/1.1" 200 7719 "http://localhost/demo" "Mozilla/5.0 (Windows NT 10.0; Win64; x64) AppleWebKit/537.36 (KHTML, like Gecko) Chrome/59.0.3071.115 Safari/537.36"
0:0:0:0:0:0:0:1 - - [26/Jul/2017:07:30:56 +0000] "GET /css/skeleton.css HTTP/1.1" 200 11452 "http://localhost/demo" "Mozilla/5.0 (Windows NT 10.0; Win64; x64) AppleWebKit/537.36 (KHTML, like Gecko) Chrome/59.0.3071.115 Safari/537.36"
0:0:0:0:0:0:0:1 - - [26/Jul/2017:07:30:56 +0000] "GET /images/feather.svg HTTP/1.1" 200 3968 "http://localhost/demo" "Mozilla/5.0 (Windows NT 10.0; Win64; x64) AppleWebKit/537.36 (KHTML, like Gecko) Chrome/59.0.3071.115 Safari/537.36"
0:0:0:0:0:0:0:1 - - [26/Jul/2017:07:30:56 +0000] "GET /images/pens.svg HTTP/1.1" 200 6538 "http://localhost/demo" "Mozilla/5.0 (Windows NT 10.0; Win64; x64) AppleWebKit/537.36 (KHTML, like Gecko) Chrome/59.0.3071.115 Safari/537.36"
0:0:0:0:0:0:0:1 - - [26/Jul/2017:07:30:56 +0000] "GET /images/watch.svg HTTP/1.1" 200 4007 "http://localhost/demo" "Mozilla/5.0 (Windows NT 10.0; Win64; x64) AppleWebKit/537.36 (KHTML, like Gecko) Chrome/59.0.3071.115 Safari/537.36"
0:0:0:0:0:0:0:1 - - [26/Jul/2017:08:55:15 +0000] "GET /demo HTTP/1.1" 200 1587 "-" "Mozilla/5.0 (Windows NT 10.0; Win64; x64) AppleWebKit/537.36 (KHTML, like Gecko) Chrome/59.0.3071.115 Safari/537.36"
0:0:0:0:0:0:0:1 - - [26/Jul/2017:09:30:48 +0000] "GET /demo HTTP/1.1" 200 1584 "-" "Mozilla/5.0 (Windows NT 10.0; Win64; x64) AppleWebKit/537.36 (KHTML, like Gecko) Chrome/59.0.3071.115 Safari/537.36"
0:0:0:0:0:0:0:1 - - [26/Jul/2017:09:30:48 +0000] "GET /favicon.ico HTTP/1.1" 404 326 "http://localhost/demo" "Mozilla/5.0 (Windows NT 10.0; Win64; x64) AppleWebKit/537.36 (KHTML, like Gecko) Chrome/59.0.3071.115 Safari/537.36"
0:0:0:0:0:0:0:1 - - [26/Jul/2017:09:32:40 +0000] "GET /demo HTTP/1.1" 200 1562 "-" "Mozilla/5.0 (Windows NT 10.0; Win64; x64) AppleWebKit/537.36 (KHTML, like Gecko) Chrome/59.0.3071.115 Safari/537.36"
0:0:0:0:0:0:0:1 - - [26/Jul/2017:09:32:40 +0000] "GET /css/font-awesome.min.css HTTP/1.1" 200 31000 "http://localhost/demo" "Mozilla/5.0 (Windows NT 10.0; Win64; x64) AppleWebKit/537.36 (KHTML, like Gecko) Chrome/59.0.3071.115 Safari/537.36"
0:0:0:0:0:0:0:1 - - [26/Jul/2017:09:32:40 +0000] "GET /css/skeleton-alerts.css HTTP/1.1" 200 486 "http://localhost/demo" "Mozilla/5.0 (Windows NT 10.0; Win64; x64) AppleWebKit/537.36 (KHTML, like Gecko) Chrome/59.0.3071.115 Safari/537.36"
0:0:0:0:0:0:0:1 - - [26/Jul/2017:09:32:40 +0000] "GET /css/skeleton.css HTTP/1.1" 200 11452 "http://localhost/demo" "Mozilla/5.0 (Windows NT 10.0; Win64; x64) AppleWebKit/537.36 (KHTML, like Gecko) Chrome/59.0.3071.115 Safari/537.36"
0:0:0:0:0:0:0:1 - - [26/Jul/2017:09:32:40 +0000] "GET /css/normalize.css HTTP/1.1" 200 7719 "http://localhost/demo" "Mozilla/5.0 (Windows NT 10.0; Win64; x64) AppleWebKit/537.36 (KHTML, like Gecko) Chrome/59.0.3071.115 Safari/537.36"
0:0:0:0:0:0:0:1 - - [26/Jul/2017:09:32:40 +0000] "GET /images/feather.svg HTTP/1.1" 200 3968 "http://localhost/demo" "Mozilla/5.0 (Windows NT 10.0; Win64; x64) AppleWebKit/537.36 (KHTML, like Gecko) Chrome/59.0.3071.115 Safari/537.36"
0:0:0:0:0:0:0:1 - - [26/Jul/2017:09:32:40 +0000] "GET /images/pens.svg HTTP/1.1" 200 6538 "http://localhost/demo" "Mozilla/5.0 (Windows NT 10.0; Win64; x64) AppleWebKit/537.36 (KHTML, like Gecko) Chrome/59.0.3071.115 Safari/537.36"
0:0:0:0:0:0:0:1 - - [26/Jul/2017:09:32:40 +0000] "GET /images/watch.svg HTTP/1.1" 200 4007 "http://localhost/demo" "Mozilla/5.0 (Windows NT 10.0; Win64; x64) AppleWebKit/537.36 (KHTML, like Gecko) Chrome/59.0.3071.115 Safari/537.36"
0:0:0:0:0:0:0:1 - - [26/Jul/2017:09:33:39 +0000] "GET /demo HTTP/1.1" 200 1600 "-" "Mozilla/5.0 (Windows NT 10.0; Win64; x64) AppleWebKit/537.36 (KHTML, like Gecko) Chrome/59.0.3071.115 Safari/537.36"
0:0:0:0:0:0:0:1 - - [26/Jul/2017:09:33:39 +0000] "GET /css/font-awesome.min.css HTTP/1.1" 200 31000 "http://localhost/demo" "Mozilla/5.0 (Windows NT 10.0; Win64; x64) AppleWebKit/537.36 (KHTML, like Gecko) Chrome/59.0.3071.115 Safari/537.36"
0:0:0:0:0:0:0:1 - - [26/Jul/2017:09:33:39 +0000] "GET /css/normalize.css HTTP/1.1" 200 7719 "http://localhost/demo" "Mozilla/5.0 (Windows NT 10.0; Win64; x64) AppleWebKit/537.36 (KHTML, like Gecko) Chrome/59.0.3071.115 Safari/537.36"
0:0:0:0:0:0:0:1 - - [26/Jul/2017:09:33:39 +0000] "GET /css/skeleton.css HTTP/1.1" 200 11452 "http://localhost/demo" "Mozilla/5.0 (Windows NT 10.0; Win64; x64) AppleWebKit/537.36 (KHTML, like Gecko) Chrome/59.0.3071.115 Safari/537.36"
0:0:0:0:0:0:0:1 - - [26/Jul/2017:09:33:39 +0000] "GET /css/skeleton-alerts.css HTTP/1.1" 200 486 "http://localhost/demo" "Mozilla/5.0 (Windows NT 10.0; Win64; x64) AppleWebKit/537.36 (KHTML, like Gecko) Chrome/59.0.3071.115 Safari/537.36"
0:0:0:0:0:0:0:1 - - [26/Jul/2017:09:33:39 +0000] "GET /images/feather.svg HTTP/1.1" 200 3968 "http://localhost/demo" "Mozilla/5.0 (Windows NT 10.0; Win64; x64) AppleWebKit/537.36 (KHTML, like Gecko) Chrome/59.0.3071.115 Safari/537.36"
0:0:0:0:0:0:0:1 - - [26/Jul/2017:09:33:39 +0000] "GET /images/pens.svg HTTP/1.1" 200 6538 "http://localhost/demo" "Mozilla/5.0 (Windows NT 10.0; Win64; x64) AppleWebKit/537.36 (KHTML, like Gecko) Chrome/59.0.3071.115 Safari/537.36"
0:0:0:0:0:0:0:1 - - [26/Jul/2017:09:33:40 +0000] "GET /images/watch.svg HTTP/1.1" 200 4007 "http://localhost/demo" "Mozilla/5.0 (Windows NT 10.0; Win64; x64) AppleWebKit/537.36 (KHTML, like Gecko) Chrome/59.0.3071.115 Safari/537.36"
0:0:0:0:0:0:0:1 - - [26/Jul/2017:09:42:44 +0000] "GET /demo HTTP/1.1" 200 1600 "-" "Mozilla/5.0 (Windows NT 10.0; Win64; x64) AppleWebKit/537.36 (KHTML, like Gecko) Chrome/59.0.3071.115 Safari/537.36"
125.66.152.161 - - [26/Jul/2017:09:43:23 +0000] "GET http://zc.qq.com/cgi-bin/iframe/numreg/init_9?id=0.534872545178455 HTTP/1.1" 404 343 "http://zc.qq.com/cgi-bin/iframe/numreg/init_9?id=0.534872545178455" "Mozilla/5.0 (Windows NT 6.1; WOW64) AppleWebKit/536.11 (KHTML, like Gecko) Chrome/20.0.1132.11 TaoBrowser/2.0 Safari/536.11"
125.66.152.161 - - [26/Jul/2017:10:27:04 +0000] "GET http://zc.qq.com/cgi-bin/iframe/numreg/init_9?id=0.696326934591088 HTTP/1.1" 404 343 "http://zc.qq.com/cgi-bin/iframe/numreg/init_9?id=0.696326934591088" "Mozilla/5.0 (Windows NT 6.1; WOW64) AppleWebKit/536.11 (KHTML, like Gecko) Chrome/20.0.1132.11 TaoBrowser/2.0 Safari/536.11"
125.66.152.161 - - [26/Jul/2017:11:10:18 +0000] "GET http://zc.qq.com/cgi-bin/iframe/numreg/init_9?id=0.572355476940216 HTTP/1.1" 404 343 "http://zc.qq.com/cgi-bin/iframe/numreg/init_9?id=0.572355476940216" "Mozilla/5.0 (Windows NT 6.1; WOW64) AppleWebKit/536.11 (KHTML, like Gecko) Chrome/20.0.1132.11 TaoBrowser/2.0 Safari/536.11"
198.50.161.36 - - [26/Jul/2017:11:40:04 +0000] "GET /w00tw00t.at.blackhats.romanian.anti-sec:) HTTP/1.1" 404 356 "-" "ZmEu"
198.50.161.36 - - [26/Jul/2017:11:40:04 +0000] "GET /phpMyAdmin/scripts/setup.php HTTP/1.1" 404 343 "-" "ZmEu"
198.50.161.36 - - [26/Jul/2017:11:40:05 +0000] "GET /phpmyadmin/scripts/setup.php HTTP/1.1" 404 343 "-" "ZmEu"
198.50.161.36 - - [26/Jul/2017:11:40:06 +0000] "GET /pma/scripts/setup.php HTTP/1.1" 404 336 "-" "ZmEu"
198.50.161.36 - - [26/Jul/2017:11:40:06 +0000] "GET /myadmin/scripts/setup.php HTTP/1.1" 404 340 "-" "ZmEu"
198.50.161.36 - - [26/Jul/2017:11:40:07 +0000] "GET /MyAdmin/scripts/setup.php HTTP/1.1" 404 340 "-" "ZmEu"
125.66.152.161 - - [26/Jul/2017:11:53:25 +0000] "GET http://zc.qq.com/cgi-bin/iframe/numreg/init_9?id=0.99836355820222 HTTP/1.1" 404 343 "http://zc.qq.com/cgi-bin/iframe/numreg/init_9?id=0.99836355820222" "Mozilla/5.0 (Windows NT 6.1; WOW64) AppleWebKit/536.11 (KHTML, like Gecko) Chrome/20.0.1132.11 TaoBrowser/2.0 Safari/536.11"
