0:0:0:0:0:0:0:1 - - [27/Jul/2017:02:24:12 +0000] "GET /demo HTTP/1.1" 200 1600 "-" "Mozilla/5.0 (Windows NT 10.0; Win64; x64) AppleWebKit/537.36 (KHTML, like Gecko) Chrome/59.0.3071.115 Safari/537.36"
0:0:0:0:0:0:0:1 - - [27/Jul/2017:02:24:13 +0000] "GET /favicon.ico HTTP/1.1" 404 326 "http://localhost/demo" "Mozilla/5.0 (Windows NT 10.0; Win64; x64) AppleWebKit/537.36 (KHTML, like Gecko) Chrome/59.0.3071.115 Safari/537.36"
0:0:0:0:0:0:0:1 - - [27/Jul/2017:02:27:41 +0000] "GET /demo1 HTTP/1.1" 200 1600 "-" "Mozilla/5.0 (Windows NT 10.0; Win64; x64) AppleWebKit/537.36 (KHTML, like Gecko) Chrome/59.0.3071.115 Safari/537.36"
0:0:0:0:0:0:0:1 - - [27/Jul/2017:02:27:44 +0000] "GET /demo2 HTTP/1.1" 200 3019 "-" "Mozilla/5.0 (Windows NT 10.0; Win64; x64) AppleWebKit/537.36 (KHTML, like Gecko) Chrome/59.0.3071.115 Safari/537.36"
0:0:0:0:0:0:0:1 - - [27/Jul/2017:02:27:44 +0000] "GET /fonts/fontawesome-webfont.woff2?v=4.7.0 HTTP/1.1" 404 346 "http://localhost/css/font-awesome.min.css" "Mozilla/5.0 (Windows NT 10.0; Win64; x64) AppleWebKit/537.36 (KHTML, like Gecko) Chrome/59.0.3071.115 Safari/537.36"
0:0:0:0:0:0:0:1 - - [27/Jul/2017:02:27:44 +0000] "GET /fonts/fontawesome-webfont.woff?v=4.7.0 HTTP/1.1" 404 345 "http://localhost/css/font-awesome.min.css" "Mozilla/5.0 (Windows NT 10.0; Win64; x64) AppleWebKit/537.36 (KHTML, like Gecko) Chrome/59.0.3071.115 Safari/537.36"
0:0:0:0:0:0:0:1 - - [27/Jul/2017:02:27:44 +0000] "GET /fonts/fontawesome-webfont.ttf?v=4.7.0 HTTP/1.1" 404 344 "http://localhost/css/font-awesome.min.css" "Mozilla/5.0 (Windows NT 10.0; Win64; x64) AppleWebKit/537.36 (KHTML, like Gecko) Chrome/59.0.3071.115 Safari/537.36"
0:0:0:0:0:0:0:1 - - [27/Jul/2017:02:32:03 +0000] "GET /demo1 HTTP/1.1" 200 1600 "-" "Mozilla/5.0 (Windows NT 10.0; Win64; x64) AppleWebKit/537.36 (KHTML, like Gecko) Chrome/59.0.3071.115 Safari/537.36"
0:0:0:0:0:0:0:1 - - [27/Jul/2017:02:32:06 +0000] "GET /demo2 HTTP/1.1" 200 2989 "-" "Mozilla/5.0 (Windows NT 10.0; Win64; x64) AppleWebKit/537.36 (KHTML, like Gecko) Chrome/59.0.3071.115 Safari/537.36"
0:0:0:0:0:0:0:1 - - [27/Jul/2017:02:32:06 +0000] "GET /fonts/fontawesome-webfont.woff2?v=4.7.0 HTTP/1.1" 404 346 "http://localhost/css/font-awesome.min.css" "Mozilla/5.0 (Windows NT 10.0; Win64; x64) AppleWebKit/537.36 (KHTML, like Gecko) Chrome/59.0.3071.115 Safari/537.36"
0:0:0:0:0:0:0:1 - - [27/Jul/2017:02:32:06 +0000] "GET /fonts/fontawesome-webfont.woff?v=4.7.0 HTTP/1.1" 404 345 "http://localhost/css/font-awesome.min.css" "Mozilla/5.0 (Windows NT 10.0; Win64; x64) AppleWebKit/537.36 (KHTML, like Gecko) Chrome/59.0.3071.115 Safari/537.36"
0:0:0:0:0:0:0:1 - - [27/Jul/2017:02:32:06 +0000] "GET /fonts/fontawesome-webfont.ttf?v=4.7.0 HTTP/1.1" 404 344 "http://localhost/css/font-awesome.min.css" "Mozilla/5.0 (Windows NT 10.0; Win64; x64) AppleWebKit/537.36 (KHTML, like Gecko) Chrome/59.0.3071.115 Safari/537.36"
0:0:0:0:0:0:0:1 - - [27/Jul/2017:02:47:08 +0000] "GET /quick1 HTTP/1.1" 200 955 "-" "Mozilla/5.0 (Windows NT 10.0; Win64; x64) AppleWebKit/537.36 (KHTML, like Gecko) Chrome/59.0.3071.115 Safari/537.36"
0:0:0:0:0:0:0:1 - - [27/Jul/2017:02:48:04 +0000] "GET /quick1 HTTP/1.1" 200 1507 "-" "Mozilla/5.0 (Windows NT 10.0; Win64; x64) AppleWebKit/537.36 (KHTML, like Gecko) Chrome/59.0.3071.115 Safari/537.36"
0:0:0:0:0:0:0:1 - - [27/Jul/2017:02:50:43 +0000] "GET /quick2 HTTP/1.1" 200 2194 "-" "Mozilla/5.0 (Windows NT 10.0; Win64; x64) AppleWebKit/537.36 (KHTML, like Gecko) Chrome/59.0.3071.115 Safari/537.36"
0:0:0:0:0:0:0:1 - - [27/七月/2017:08:25:31 +0000] "GET /demo HTTP/1.1" 404 319 "-" "Mozilla/5.0 (Windows NT 10.0; Win64; x64) AppleWebKit/537.36 (KHTML, like Gecko) Chrome/60.0.3112.78 Safari/537.36"
0:0:0:0:0:0:0:1 - - [27/七月/2017:08:25:32 +0000] "GET /favicon.ico HTTP/1.1" 404 326 "http://localhost/demo" "Mozilla/5.0 (Windows NT 10.0; Win64; x64) AppleWebKit/537.36 (KHTML, like Gecko) Chrome/60.0.3112.78 Safari/537.36"
0:0:0:0:0:0:0:1 - - [27/七月/2017:08:25:39 +0000] "GET /demo2 HTTP/1.1" 200 2989 "-" "Mozilla/5.0 (Windows NT 10.0; Win64; x64) AppleWebKit/537.36 (KHTML, like Gecko) Chrome/60.0.3112.78 Safari/537.36"
0:0:0:0:0:0:0:1 - - [27/七月/2017:08:25:39 +0000] "GET /css/font-awesome.min.css HTTP/1.1" 200 31000 "http://localhost/demo2" "Mozilla/5.0 (Windows NT 10.0; Win64; x64) AppleWebKit/537.36 (KHTML, like Gecko) Chrome/60.0.3112.78 Safari/537.36"
0:0:0:0:0:0:0:1 - - [27/七月/2017:08:25:39 +0000] "GET /css/skeleton.css HTTP/1.1" 200 11452 "http://localhost/demo2" "Mozilla/5.0 (Windows NT 10.0; Win64; x64) AppleWebKit/537.36 (KHTML, like Gecko) Chrome/60.0.3112.78 Safari/537.36"
0:0:0:0:0:0:0:1 - - [27/七月/2017:08:25:39 +0000] "GET /css/normalize.css HTTP/1.1" 200 7719 "http://localhost/demo2" "Mozilla/5.0 (Windows NT 10.0; Win64; x64) AppleWebKit/537.36 (KHTML, like Gecko) Chrome/60.0.3112.78 Safari/537.36"
0:0:0:0:0:0:0:1 - - [27/七月/2017:08:25:39 +0000] "GET /css/skeleton-alerts.css HTTP/1.1" 200 486 "http://localhost/demo2" "Mozilla/5.0 (Windows NT 10.0; Win64; x64) AppleWebKit/537.36 (KHTML, like Gecko) Chrome/60.0.3112.78 Safari/537.36"
0:0:0:0:0:0:0:1 - - [27/七月/2017:08:25:39 +0000] "GET /fonts/fontawesome-webfont.woff2?v=4.7.0 HTTP/1.1" 404 346 "http://localhost/css/font-awesome.min.css" "Mozilla/5.0 (Windows NT 10.0; Win64; x64) AppleWebKit/537.36 (KHTML, like Gecko) Chrome/60.0.3112.78 Safari/537.36"
0:0:0:0:0:0:0:1 - - [27/七月/2017:08:25:39 +0000] "GET /fonts/fontawesome-webfont.woff?v=4.7.0 HTTP/1.1" 404 345 "http://localhost/css/font-awesome.min.css" "Mozilla/5.0 (Windows NT 10.0; Win64; x64) AppleWebKit/537.36 (KHTML, like Gecko) Chrome/60.0.3112.78 Safari/537.36"
0:0:0:0:0:0:0:1 - - [27/七月/2017:08:25:39 +0000] "GET /fonts/fontawesome-webfont.ttf?v=4.7.0 HTTP/1.1" 404 344 "http://localhost/css/font-awesome.min.css" "Mozilla/5.0 (Windows NT 10.0; Win64; x64) AppleWebKit/537.36 (KHTML, like Gecko) Chrome/60.0.3112.78 Safari/537.36"
0:0:0:0:0:0:0:1 - - [27/七月/2017:08:26:11 +0000] "GET /quick1 HTTP/1.1" 200 1507 "-" "Mozilla/5.0 (Windows NT 10.0; Win64; x64) AppleWebKit/537.36 (KHTML, like Gecko) Chrome/60.0.3112.78 Safari/537.36"
0:0:0:0:0:0:0:1 - - [27/七月/2017:08:26:14 +0000] "GET /quick2 HTTP/1.1" 200 2194 "-" "Mozilla/5.0 (Windows NT 10.0; Win64; x64) AppleWebKit/537.36 (KHTML, like Gecko) Chrome/60.0.3112.78 Safari/537.36"
0:0:0:0:0:0:0:1 - - [27/七月/2017:08:26:49 +0000] "GET /demo1 HTTP/1.1" 200 1600 "-" "Mozilla/5.0 (Windows NT 10.0; Win64; x64) AppleWebKit/537.36 (KHTML, like Gecko) Chrome/60.0.3112.78 Safari/537.36"
0:0:0:0:0:0:0:1 - - [27/七月/2017:08:26:49 +0000] "GET /images/feather.svg HTTP/1.1" 200 3968 "http://localhost/demo1" "Mozilla/5.0 (Windows NT 10.0; Win64; x64) AppleWebKit/537.36 (KHTML, like Gecko) Chrome/60.0.3112.78 Safari/537.36"
0:0:0:0:0:0:0:1 - - [27/七月/2017:08:26:49 +0000] "GET /images/pens.svg HTTP/1.1" 200 6538 "http://localhost/demo1" "Mozilla/5.0 (Windows NT 10.0; Win64; x64) AppleWebKit/537.36 (KHTML, like Gecko) Chrome/60.0.3112.78 Safari/537.36"
0:0:0:0:0:0:0:1 - - [27/七月/2017:08:26:49 +0000] "GET /images/watch.svg HTTP/1.1" 200 4007 "http://localhost/demo1" "Mozilla/5.0 (Windows NT 10.0; Win64; x64) AppleWebKit/537.36 (KHTML, like Gecko) Chrome/60.0.3112.78 Safari/537.36"
0:0:0:0:0:0:0:1 - - [27/七月/2017:08:26:57 +0000] "GET /demo2 HTTP/1.1" 200 2989 "-" "Mozilla/5.0 (Windows NT 10.0; Win64; x64) AppleWebKit/537.36 (KHTML, like Gecko) Chrome/60.0.3112.78 Safari/537.36"
0:0:0:0:0:0:0:1 - - [27/七月/2017:08:26:57 +0000] "GET /fonts/fontawesome-webfont.woff2?v=4.7.0 HTTP/1.1" 404 346 "http://localhost/css/font-awesome.min.css" "Mozilla/5.0 (Windows NT 10.0; Win64; x64) AppleWebKit/537.36 (KHTML, like Gecko) Chrome/60.0.3112.78 Safari/537.36"
0:0:0:0:0:0:0:1 - - [27/七月/2017:08:26:57 +0000] "GET /fonts/fontawesome-webfont.woff?v=4.7.0 HTTP/1.1" 404 345 "http://localhost/css/font-awesome.min.css" "Mozilla/5.0 (Windows NT 10.0; Win64; x64) AppleWebKit/537.36 (KHTML, like Gecko) Chrome/60.0.3112.78 Safari/537.36"
0:0:0:0:0:0:0:1 - - [27/七月/2017:08:26:57 +0000] "GET /fonts/fontawesome-webfont.ttf?v=4.7.0 HTTP/1.1" 404 344 "http://localhost/css/font-awesome.min.css" "Mozilla/5.0 (Windows NT 10.0; Win64; x64) AppleWebKit/537.36 (KHTML, like Gecko) Chrome/60.0.3112.78 Safari/537.36"
